TN:
SF:/Users/beckwith/Code/cloud-profiler-nodejs/samples/app.js
FNF:0
FNH:0
DA:19,0
LF:1
LH:0
BRF:0
BRH:0
end_of_record
TN:
SF:/Users/beckwith/Code/cloud-profiler-nodejs/samples/snippets.js
FNF:0
FNH:0
DA:19,0
LF:1
LH:0
BRF:0
BRH:0
end_of_record
TN:
SF:/Users/beckwith/Code/cloud-profiler-nodejs/ts/src/config.ts
FNF:0
FNH:0
DA:19,0
DA:175,0
LF:2
LH:0
BRF:0
BRH:0
end_of_record
TN:
SF:/Users/beckwith/Code/cloud-profiler-nodejs/ts/src/index.ts
FN:36,getMetadataInstanceField
FN:40,hasService
FN:54,initConfigLocal
FN:119,initConfigMetadata
FN:126,(anonymous_12)
FN:145,nodeVersionOkay
FN:157,createProfiler
FN:196,start
FN:207,logError
FN:217,startLocal
FN:233,(anonymous_21)
FN:261,(anonymous_22)
FN:261,(anonymous_23)
FNF:13
FNH:0
FNDA:0,getMetadataInstanceField
FNDA:0,hasService
FNDA:0,initConfigLocal
FNDA:0,initConfigMetadata
FNDA:0,(anonymous_12)
FNDA:0,nodeVersionOkay
FNDA:0,createProfiler
FNDA:0,start
FNDA:0,logError
FNDA:0,startLocal
FNDA:0,(anonymous_21)
FNDA:0,(anonymous_22)
FNDA:0,(anonymous_23)
DA:17,0
DA:18,0
DA:19,0
DA:20,0
DA:21,0
DA:22,0
DA:25,0
DA:26,0
DA:27,0
DA:29,0
DA:30,0
DA:37,0
DA:43,0
DA:55,0
DA:63,0
DA:64,0
DA:65,0
DA:66,0
DA:70,0
DA:71,0
DA:72,0
DA:74,0
DA:75,0
DA:77,0
DA:79,0
DA:80,0
DA:82,0
DA:86,0
DA:87,0
DA:92,0
DA:98,0
DA:100,0
DA:101,0
DA:104,0
DA:105,0
DA:112,0
DA:122,0
DA:123,0
DA:129,0
DA:130,0
DA:132,0
DA:133,0
DA:136,0
DA:145,0
DA:148,0
DA:149,0
DA:157,0
DA:158,0
DA:159,0
DA:167,0
DA:172,0
DA:173,0
DA:178,0
DA:179,0
DA:196,0
DA:198,0
DA:199,0
DA:201,0
DA:202,0
DA:204,0
DA:209,0
DA:210,0
DA:217,0
DA:219,0
DA:220,0
DA:222,0
DA:223,0
DA:227,0
DA:229,0
DA:230,0
DA:231,0
DA:233,0
DA:234,0
DA:235,0
DA:236,0
DA:255,0
DA:256,0
DA:257,0
DA:261,0
DA:262,0
DA:263,0
DA:267,0
DA:269,0
DA:270,0
DA:271,0
DA:276,0
DA:282,0
DA:283,0
LF:88
LH:0
BRDA:44,0,0,0
BRDA:44,0,1,0
BRDA:58,1,0,0
BRDA:58,1,1,0
BRDA:59,2,0,0
BRDA:59,2,1,0
BRDA:63,3,0,0
BRDA:63,3,1,0
BRDA:65,4,0,0
BRDA:65,4,1,0
BRDA:72,5,0,0
BRDA:72,5,1,0
BRDA:87,6,0,0
BRDA:87,6,1,0
BRDA:88,7,0,0
BRDA:88,7,1,0
BRDA:88,7,2,0
BRDA:100,8,0,0
BRDA:100,8,1,0
BRDA:104,9,0,0
BRDA:104,9,1,0
BRDA:122,10,0,0
BRDA:122,10,1,0
BRDA:122,11,0,0
BRDA:122,11,1,0
BRDA:123,12,0,0
BRDA:123,12,1,0
BRDA:129,13,0,0
BRDA:129,13,1,0
BRDA:129,14,0,0
BRDA:129,14,1,0
BRDA:132,15,0,0
BRDA:132,15,1,0
BRDA:132,16,0,0
BRDA:132,16,1,0
BRDA:148,17,0,0
BRDA:148,17,1,0
BRDA:158,18,0,0
BRDA:158,18,1,0
BRDA:172,19,0,0
BRDA:172,19,1,0
BRDA:196,20,0,0
BRDA:217,21,0,0
BRDA:262,22,0,0
BRDA:262,22,1,0
BRDA:270,23,0,0
BRDA:270,23,1,0
BRDA:282,24,0,0
BRDA:282,24,1,0
BRDA:282,25,0,0
BRDA:282,25,1,0
BRF:51
BRH:0
end_of_record
TN:
SF:/Users/beckwith/Code/cloud-profiler-nodejs/ts/src/logger.ts
FN:31,logLevelToName
FN:42,createLogger
FNF:2
FNH:0
FNDA:0,logLevelToName
FNDA:0,createLogger
DA:17,0
DA:18,0
DA:20,0
DA:22,0
DA:32,0
DA:33,0
DA:34,0
DA:35,0
DA:36,0
DA:37,0
DA:39,0
DA:42,0
DA:43,0
LF:13
LH:0
BRDA:32,0,0,0
BRDA:32,0,1,0
BRDA:34,1,0,0
BRDA:34,1,1,0
BRDA:36,2,0,0
BRDA:36,2,1,0
BRF:6
BRH:0
end_of_record
TN:
SF:/Users/beckwith/Code/cloud-profiler-nodejs/ts/src/profiler.ts
FN:38,(anonymous_6)
FN:46,isErrorResponseStatusCode
FN:84,getResponseErrorMessage
FN:103,getServerResponseBackoff
FN:129,parseBackoffDuration
FN:150,isDeployment
FN:166,isRequestProfile
FN:188,profileBytes
FN:198,(anonymous_15)
FN:206,isBackoffResponseError
FN:220,(anonymous_17)
FN:229,(anonymous_18)
FN:237,(anonymous_19)
FN:248,responseToProfileOrError
FN:291,(anonymous_21)
FN:350,(anonymous_22)
FN:370,(anonymous_24)
FN:382,(anonymous_26)
FN:424,(anonymous_28)
FN:442,(anonymous_30)
FN:445,(anonymous_31)
FN:467,(anonymous_32)
FN:507,(anonymous_34)
FN:524,(anonymous_36)
FN:555,(anonymous_38)
FNF:25
FNH:0
FNDA:0,(anonymous_6)
FNDA:0,isErrorResponseStatusCode
FNDA:0,getResponseErrorMessage
FNDA:0,getServerResponseBackoff
FNDA:0,parseBackoffDuration
FNDA:0,isDeployment
FNDA:0,isRequestProfile
FNDA:0,profileBytes
FNDA:0,(anonymous_15)
FNDA:0,isBackoffResponseError
FNDA:0,(anonymous_17)
FNDA:0,(anonymous_18)
FNDA:0,(anonymous_19)
FNDA:0,responseToProfileOrError
FNDA:0,(anonymous_21)
FNDA:0,(anonymous_22)
FNDA:0,(anonymous_24)
FNDA:0,(anonymous_26)
FNDA:0,(anonymous_28)
FNDA:0,(anonymous_30)
FNDA:0,(anonymous_31)
FNDA:0,(anonymous_32)
FNDA:0,(anonymous_34)
FNDA:0,(anonymous_36)
FNDA:0,(anonymous_38)
DA:17,0
DA:19,0
DA:20,0
DA:25,0
DA:26,0
DA:28,0
DA:31,0
DA:33,0
DA:34,0
DA:35,0
DA:36,0
DA:38,0
DA:39,0
DA:40,0
DA:47,0
DA:88,0
DA:89,0
DA:92,0
DA:93,0
DA:94,0
DA:96,0
DA:105,0
DA:106,0
DA:107,0
DA:108,0
DA:113,0
DA:114,0
DA:115,0
DA:120,0
DA:129,0
DA:132,0
DA:133,0
DA:137,0
DA:138,0
DA:139,0
DA:140,0
DA:143,0
DA:151,0
DA:167,0
DA:189,0
DA:190,0
DA:191,0
DA:198,0
DA:199,0
DA:207,0
DA:214,0
DA:221,0
DA:222,0
DA:223,0
DA:226,0
DA:227,0
DA:230,0
DA:231,0
DA:235,0
DA:238,0
DA:254,0
DA:255,0
DA:256,0
DA:257,0
DA:258,0
DA:259,0
DA:262,0
DA:264,0
DA:265,0
DA:267,0
DA:268,0
DA:270,0
DA:280,0
DA:292,0
DA:293,0
DA:298,0
DA:302,0
DA:304,0
DA:306,0
DA:309,0
DA:310,0
DA:312,0
DA:313,0
DA:315,0
DA:321,0
DA:322,0
DA:323,0
DA:326,0
DA:327,0
DA:328,0
DA:330,0
DA:331,0
DA:333,0
DA:351,0
DA:352,0
DA:353,0
DA:357,0
DA:360,0
DA:363,0
DA:371,0
DA:372,0
DA:384,0
DA:385,0
DA:387,0
DA:388,0
DA:391,0
DA:393,0
DA:394,0
DA:399,0
DA:401,0
DA:402,0
DA:403,0
DA:425,0
DA:429,0
DA:441,0
DA:442,0
DA:443,0
DA:446,0
DA:447,0
DA:448,0
DA:451,0
DA:453,0
DA:468,0
DA:469,0
DA:470,0
DA:471,0
DA:473,0
DA:474,0
DA:476,0
DA:483,0
DA:484,0
DA:485,0
DA:486,0
DA:487,0
DA:488,0
DA:490,0
DA:491,0
DA:493,0
DA:495,0
DA:508,0
DA:510,0
DA:512,0
DA:514,0
DA:525,0
DA:526,0
DA:528,0
DA:529,0
DA:531,0
DA:532,0
DA:533,0
DA:538,0
DA:544,0
DA:545,0
DA:546,0
DA:556,0
DA:557,0
DA:559,0
DA:563,0
DA:564,0
LF:154
LH:0
BRDA:38,0,0,0
BRDA:38,0,1,0
BRDA:47,1,0,0
BRDA:47,1,1,0
BRDA:88,2,0,0
BRDA:88,2,1,0
BRDA:88,3,0,0
BRDA:88,3,1,0
BRDA:93,4,0,0
BRDA:93,4,1,0
BRDA:93,5,0,0
BRDA:93,5,1,0
BRDA:93,5,2,0
BRDA:106,6,0,0
BRDA:106,6,1,0
BRDA:106,7,0,0
BRDA:106,7,1,0
BRDA:106,7,2,0
BRDA:108,8,0,0
BRDA:108,8,1,0
BRDA:109,9,0,0
BRDA:109,9,1,0
BRDA:109,9,2,0
BRDA:114,10,0,0
BRDA:114,10,1,0
BRDA:133,11,0,0
BRDA:133,11,1,0
BRDA:137,12,0,0
BRDA:137,12,1,0
BRDA:139,13,0,0
BRDA:139,13,1,0
BRDA:152,14,0,0
BRDA:152,14,1,0
BRDA:152,14,2,0
BRDA:152,14,3,0
BRDA:152,14,4,0
BRDA:152,14,5,0
BRDA:152,14,6,0
BRDA:168,15,0,0
BRDA:168,15,1,0
BRDA:168,15,2,0
BRDA:168,15,3,0
BRDA:168,15,4,0
BRDA:168,15,5,0
BRDA:168,15,6,0
BRDA:168,15,7,0
BRDA:168,15,8,0
BRDA:168,15,9,0
BRDA:224,16,0,0
BRDA:254,17,0,0
BRDA:254,17,1,0
BRDA:254,18,0,0
BRDA:254,18,1,0
BRDA:256,19,0,0
BRDA:256,19,1,0
BRDA:258,20,0,0
BRDA:258,20,1,0
BRDA:264,21,0,0
BRDA:264,21,1,0
BRDA:267,22,0,0
BRDA:267,22,1,0
BRDA:292,23,0,0
BRDA:292,23,1,0
BRDA:309,24,0,0
BRDA:309,24,1,0
BRDA:312,25,0,0
BRDA:312,25,1,0
BRDA:322,26,0,0
BRDA:322,26,1,0
BRDA:327,27,0,0
BRDA:327,27,1,0
BRDA:330,28,0,0
BRDA:330,28,1,0
BRDA:351,29,0,0
BRDA:351,29,1,0
BRDA:387,30,0,0
BRDA:387,30,1,0
BRDA:485,31,0,0
BRDA:485,31,1,0
BRDA:487,32,0,0
BRDA:487,32,1,0
BRDA:509,33,0,0
BRDA:509,33,1,0
BRDA:509,33,2,0
BRDA:525,34,0,0
BRDA:525,34,1,0
BRDA:528,35,0,0
BRDA:528,35,1,0
BRDA:532,36,0,0
BRDA:532,36,1,0
BRDA:556,37,0,0
BRDA:556,37,1,0
BRF:92
BRH:0
end_of_record
TN:
SF:/Users/beckwith/Code/cloud-profiler-nodejs/ts/src/profilers/heap-profiler.ts
FN:32,profile
FN:65,start
FN:77,stop
FNF:3
FNH:0
FNDA:0,profile
FNDA:0,start
FNDA:0,stop
DA:20,1
DA:22,1
DA:24,0
DA:25,0
DA:26,0
DA:32,0
DA:34,0
DA:35,0
DA:37,0
DA:38,0
DA:43,0
DA:44,0
DA:45,0
DA:51,0
DA:53,0
DA:65,0
DA:66,0
DA:67,0
DA:70,0
DA:71,0
DA:72,0
DA:73,0
DA:77,0
DA:78,0
DA:79,0
DA:80,0
LF:26
LH:2
BRDA:34,0,0,0
BRDA:34,0,1,0
BRDA:44,1,0,0
BRDA:44,1,1,0
BRDA:66,2,0,0
BRDA:66,2,1,0
BRDA:78,3,0,0
BRDA:78,3,1,0
BRF:8
BRH:0
end_of_record
TN:
SF:/Users/beckwith/Code/cloud-profiler-nodejs/ts/src/profilers/profile-serializer.ts
FN:48,(anonymous_0)
FN:58,(anonymous_1)
FN:81,serialize
FN:94,(anonymous_3)
FN:115,getLocation
FN:131,getLine
FN:138,getFunction
FN:163,createSampleCountValueType
FN:175,createTimeValueType
FN:186,createObjectCountValueType
FN:198,createAllocationValueType
FN:211,serializeTimeProfile
FN:214,(anonymous_12)
FN:252,serializeHeapProfile
FN:256,(anonymous_14)
FNF:15
FNH:0
FNDA:0,(anonymous_0)
FNDA:0,(anonymous_1)
FNDA:0,serialize
FNDA:0,(anonymous_3)
FNDA:0,getLocation
FNDA:0,getLine
FNDA:0,getFunction
FNDA:0,createSampleCountValueType
FNDA:0,createTimeValueType
FNDA:0,createObjectCountValueType
FNDA:0,createAllocationValueType
FNDA:0,serializeTimeProfile
FNDA:0,(anonymous_12)
FNDA:0,serializeHeapProfile
FNDA:0,(anonymous_14)
DA:17,1
DA:49,0
DA:50,0
DA:51,0
DA:59,0
DA:60,0
DA:61,0
DA:63,0
DA:64,0
DA:65,0
DA:85,0
DA:86,0
DA:87,0
DA:88,0
DA:89,0
DA:90,0
DA:91,0
DA:94,0
DA:95,0
DA:96,0
DA:97,0
DA:98,0
DA:99,0
DA:101,0
DA:102,0
DA:103,0
DA:104,0
DA:105,0
DA:106,0
DA:110,0
DA:111,0
DA:112,0
DA:113,0
DA:117,0
DA:118,0
DA:119,0
DA:121,0
DA:123,0
DA:124,0
DA:126,0
DA:127,0
DA:128,0
DA:132,0
DA:139,0
DA:140,0
DA:141,0
DA:143,0
DA:145,0
DA:146,0
DA:147,0
DA:148,0
DA:154,0
DA:155,0
DA:165,0
DA:176,0
DA:188,0
DA:200,0
DA:211,1
DA:214,0
DA:215,0
DA:216,0
DA:221,0
DA:225,0
DA:226,0
DA:227,0
DA:229,0
DA:237,0
DA:239,0
DA:252,1
DA:256,0
DA:258,0
DA:259,0
DA:260,0
DA:265,0
DA:270,0
DA:271,0
DA:272,0
DA:274,0
DA:281,0
DA:283,0
LF:80
LH:3
BRDA:60,0,0,0
BRDA:60,0,1,0
BRDA:98,1,0,0
BRDA:98,1,1,0
BRDA:98,2,0,0
BRDA:98,2,1,0
BRDA:119,3,0,0
BRDA:119,3,1,0
BRDA:141,4,0,0
BRDA:141,4,1,0
BRDA:147,5,0,0
BRDA:147,5,1,0
BRDA:215,6,0,0
BRDA:215,6,1,0
BRDA:258,7,0,0
BRDA:258,7,1,0
BRF:16
BRH:0
end_of_record
TN:
SF:/Users/beckwith/Code/cloud-profiler-nodejs/ts/src/profilers/time-profiler.ts
FN:28,(anonymous_6)
FN:37,(anonymous_7)
FNF:2
FNH:0
FNDA:0,(anonymous_6)
FNDA:0,(anonymous_7)
DA:17,0
DA:20,0
DA:22,0
DA:24,0
DA:28,0
DA:29,0
DA:44,0
DA:45,0
DA:46,0
DA:47,0
DA:48,0
DA:50,0
DA:51,0
DA:52,0
LF:14
LH:0
BRF:0
BRH:0
end_of_record
