TN:
SF:/Users/beckwith/Code/cloud-profiler-nodejs/.coverage/lcov-report/block-navigation.js
FN:2,init
FN:24,toggleClass
FN:31,makeCurrent
FN:41,goToPrevious
FN:52,goToNext
FN:65,jump
FNF:6
FNH:0
FNDA:0,init
FNDA:0,toggleClass
FNDA:0,makeCurrent
FNDA:0,goToPrevious
FNDA:0,goToNext
FNDA:0,jump
DA:2,0
DA:4,0
DA:7,0
DA:10,0
DA:14,0
DA:20,0
DA:25,0
DA:28,0
DA:32,0
DA:33,0
DA:34,0
DA:42,0
DA:43,0
DA:44,0
DA:45,0
DA:46,0
DA:49,0
DA:53,0
DA:55,0
DA:59,0
DA:62,0
DA:65,0
DA:66,0
DA:69,0
DA:70,0
DA:74,0
DA:75,0
DA:79,0
LF:28
LH:0
BRDA:43,0,0,0
BRDA:43,0,1,0
BRDA:43,1,0,0
BRDA:43,1,1,0
BRDA:45,2,0,0
BRDA:45,2,1,0
BRDA:55,3,0,0
BRDA:55,3,1,0
BRDA:56,4,0,0
BRDA:56,4,1,0
BRDA:66,5,0,0
BRDA:66,5,1,0
BRDA:66,5,2,0
BRDA:66,5,3,0
BRDA:66,5,4,0
BRF:15
BRH:0
end_of_record
TN:
SF:/Users/beckwith/Code/cloud-profiler-nodejs/.coverage/lcov-report/prettify.js
FN:2,(anonymous_0)
FN:2,k
FN:2,ab
FN:2,T
FN:2,X
FN:2,(anonymous_5)
FN:2,W
FN:2,(anonymous_7)
FN:2,a
FN:2,aa
FN:2,B
FN:2,o
FN:2,g
FN:2,(anonymous_13)
FN:2,(anonymous_14)
FN:2,i
FN:2,Q
FN:2,ae
FN:2,ad
FN:2,ai
FN:2,D
FN:2,c
FN:2,q
FN:2,d
FN:2,y
FN:2,b
FN:2,Y
FN:2,(anonymous_27)
FN:2,U
FNF:29
FNH:0
FNDA:0,(anonymous_0)
FNDA:0,k
FNDA:0,ab
FNDA:0,T
FNDA:0,X
FNDA:0,(anonymous_5)
FNDA:0,W
FNDA:0,(anonymous_7)
FNDA:0,a
FNDA:0,aa
FNDA:0,B
FNDA:0,o
FNDA:0,g
FNDA:0,(anonymous_13)
FNDA:0,(anonymous_14)
FNDA:0,i
FNDA:0,Q
FNDA:0,ae
FNDA:0,ad
FNDA:0,ai
FNDA:0,D
FNDA:0,c
FNDA:0,q
FNDA:0,d
FNDA:0,y
FNDA:0,b
FNDA:0,Y
FNDA:0,(anonymous_27)
FNDA:0,U
DA:2,0
LF:1
LH:0
BRDA:2,0,0,0
BRDA:2,0,1,0
BRDA:2,1,0,0
BRDA:2,1,1,0
BRDA:2,2,0,0
BRDA:2,2,1,0
BRDA:2,3,0,0
BRDA:2,3,1,0
BRDA:2,4,0,0
BRDA:2,4,1,0
BRDA:2,5,0,0
BRDA:2,5,1,0
BRDA:2,6,0,0
BRDA:2,6,1,0
BRDA:2,7,0,0
BRDA:2,7,1,0
BRDA:2,8,0,0
BRDA:2,8,1,0
BRDA:2,9,0,0
BRDA:2,9,1,0
BRDA:2,10,0,0
BRDA:2,10,1,0
BRDA:2,11,0,0
BRDA:2,11,1,0
BRDA:2,11,2,0
BRDA:2,11,3,0
BRDA:2,12,0,0
BRDA:2,12,1,0
BRDA:2,13,0,0
BRDA:2,13,1,0
BRDA:2,14,0,0
BRDA:2,14,1,0
BRDA:2,15,0,0
BRDA:2,15,1,0
BRDA:2,16,0,0
BRDA:2,16,1,0
BRDA:2,17,0,0
BRDA:2,17,1,0
BRDA:2,18,0,0
BRDA:2,18,1,0
BRDA:2,19,0,0
BRDA:2,19,1,0
BRDA:2,20,0,0
BRDA:2,20,1,0
BRDA:2,21,0,0
BRDA:2,21,1,0
BRDA:2,22,0,0
BRDA:2,22,1,0
BRDA:2,23,0,0
BRDA:2,23,1,0
BRDA:2,24,0,0
BRDA:2,24,1,0
BRDA:2,25,0,0
BRDA:2,25,1,0
BRDA:2,26,0,0
BRDA:2,26,1,0
BRDA:2,27,0,0
BRDA:2,27,1,0
BRDA:2,28,0,0
BRDA:2,28,1,0
BRDA:2,29,0,0
BRDA:2,29,1,0
BRDA:2,30,0,0
BRDA:2,30,1,0
BRDA:2,31,0,0
BRDA:2,31,1,0
BRDA:2,32,0,0
BRDA:2,32,1,0
BRDA:2,33,0,0
BRDA:2,33,1,0
BRDA:2,34,0,0
BRDA:2,34,1,0
BRDA:2,35,0,0
BRDA:2,35,1,0
BRDA:2,36,0,0
BRDA:2,36,1,0
BRDA:2,37,0,0
BRDA:2,37,1,0
BRDA:2,38,0,0
BRDA:2,38,1,0
BRDA:2,39,0,0
BRDA:2,39,1,0
BRDA:2,40,0,0
BRDA:2,40,1,0
BRDA:2,41,0,0
BRDA:2,41,1,0
BRDA:2,42,0,0
BRDA:2,42,1,0
BRDA:2,43,0,0
BRDA:2,43,1,0
BRDA:2,44,0,0
BRDA:2,44,1,0
BRDA:2,45,0,0
BRDA:2,45,1,0
BRDA:2,46,0,0
BRDA:2,46,1,0
BRDA:2,47,0,0
BRDA:2,47,1,0
BRDA:2,48,0,0
BRDA:2,48,1,0
BRDA:2,49,0,0
BRDA:2,49,1,0
BRDA:2,50,0,0
BRDA:2,50,1,0
BRDA:2,50,2,0
BRDA:2,51,0,0
BRDA:2,51,1,0
BRDA:2,52,0,0
BRDA:2,52,1,0
BRDA:2,53,0,0
BRDA:2,53,1,0
BRDA:2,54,0,0
BRDA:2,54,1,0
BRDA:2,55,0,0
BRDA:2,55,1,0
BRDA:2,56,0,0
BRDA:2,56,1,0
BRDA:2,57,0,0
BRDA:2,57,1,0
BRDA:2,58,0,0
BRDA:2,58,1,0
BRDA:2,59,0,0
BRDA:2,59,1,0
BRDA:2,60,0,0
BRDA:2,60,1,0
BRDA:2,61,0,0
BRDA:2,61,1,0
BRDA:2,62,0,0
BRDA:2,62,1,0
BRDA:2,63,0,0
BRDA:2,63,1,0
BRDA:2,64,0,0
BRDA:2,64,1,0
BRDA:2,65,0,0
BRDA:2,65,1,0
BRDA:2,66,0,0
BRDA:2,66,1,0
BRDA:2,67,0,0
BRDA:2,67,1,0
BRDA:2,68,0,0
BRDA:2,68,1,0
BRDA:2,69,0,0
BRDA:2,69,1,0
BRDA:2,70,0,0
BRDA:2,70,1,0
BRDA:2,71,0,0
BRDA:2,71,1,0
BRDA:2,72,0,0
BRDA:2,72,1,0
BRDA:2,73,0,0
BRDA:2,73,1,0
BRDA:2,74,0,0
BRDA:2,74,1,0
BRDA:2,75,0,0
BRDA:2,75,1,0
BRDA:2,76,0,0
BRDA:2,76,1,0
BRDA:2,77,0,0
BRDA:2,77,1,0
BRDA:2,78,0,0
BRDA:2,78,1,0
BRDA:2,79,0,0
BRDA:2,79,1,0
BRDA:2,80,0,0
BRDA:2,80,1,0
BRDA:2,81,0,0
BRDA:2,81,1,0
BRDA:2,82,0,0
BRDA:2,82,1,0
BRDA:2,83,0,0
BRDA:2,83,1,0
BRDA:2,84,0,0
BRDA:2,84,1,0
BRDA:2,85,0,0
BRDA:2,85,1,0
BRDA:2,86,0,0
BRDA:2,86,1,0
BRDA:2,87,0,0
BRDA:2,87,1,0
BRDA:2,88,0,0
BRDA:2,88,1,0
BRDA:2,89,0,0
BRDA:2,89,1,0
BRDA:2,89,2,0
BRDA:2,90,0,0
BRDA:2,90,1,0
BRDA:2,91,0,0
BRDA:2,91,1,0
BRDA:2,92,0,0
BRDA:2,92,1,0
BRDA:2,93,0,0
BRDA:2,93,1,0
BRDA:2,94,0,0
BRDA:2,94,1,0
BRDA:2,95,0,0
BRDA:2,95,1,0
BRDA:2,96,0,0
BRDA:2,96,1,0
BRDA:2,97,0,0
BRDA:2,97,1,0
BRDA:2,98,0,0
BRDA:2,98,1,0
BRDA:2,99,0,0
BRDA:2,99,1,0
BRDA:2,100,0,0
BRDA:2,100,1,0
BRDA:2,101,0,0
BRDA:2,101,1,0
BRDA:2,102,0,0
BRDA:2,102,1,0
BRDA:2,103,0,0
BRDA:2,103,1,0
BRDA:2,104,0,0
BRDA:2,104,1,0
BRDA:2,105,0,0
BRDA:2,105,1,0
BRDA:2,106,0,0
BRDA:2,106,1,0
BRDA:2,107,0,0
BRDA:2,107,1,0
BRDA:2,108,0,0
BRDA:2,108,1,0
BRDA:2,109,0,0
BRDA:2,109,1,0
BRDA:2,110,0,0
BRDA:2,110,1,0
BRDA:2,111,0,0
BRDA:2,111,1,0
BRDA:2,112,0,0
BRDA:2,112,1,0
BRDA:2,113,0,0
BRDA:2,113,1,0
BRDA:2,114,0,0
BRDA:2,114,1,0
BRDA:2,115,0,0
BRDA:2,115,1,0
BRDA:2,116,0,0
BRDA:2,116,1,0
BRDA:2,117,0,0
BRDA:2,117,1,0
BRDA:2,118,0,0
BRDA:2,118,1,0
BRDA:2,119,0,0
BRDA:2,119,1,0
BRDA:2,120,0,0
BRDA:2,120,1,0
BRDA:2,121,0,0
BRDA:2,121,1,0
BRDA:2,122,0,0
BRDA:2,122,1,0
BRDA:2,123,0,0
BRDA:2,123,1,0
BRDA:2,124,0,0
BRDA:2,124,1,0
BRDA:2,125,0,0
BRDA:2,125,1,0
BRDA:2,126,0,0
BRDA:2,126,1,0
BRDA:2,127,0,0
BRDA:2,127,1,0
BRDA:2,128,0,0
BRDA:2,128,1,0
BRDA:2,128,2,0
BRDA:2,129,0,0
BRDA:2,129,1,0
BRDA:2,130,0,0
BRDA:2,130,1,0
BRDA:2,131,0,0
BRDA:2,131,1,0
BRDA:2,131,2,0
BRDA:2,131,3,0
BRDA:2,131,4,0
BRDA:2,132,0,0
BRDA:2,132,1,0
BRDA:2,133,0,0
BRDA:2,133,1,0
BRDA:2,134,0,0
BRDA:2,134,1,0
BRDA:2,135,0,0
BRDA:2,135,1,0
BRDA:2,136,0,0
BRDA:2,136,1,0
BRDA:2,137,0,0
BRDA:2,137,1,0
BRDA:2,138,0,0
BRDA:2,138,1,0
BRF:286
BRH:0
end_of_record
TN:
SF:/Users/beckwith/Code/cloud-profiler-nodejs/.coverage/lcov-report/sorter.js
FN:2,(anonymous_0)
FN:11,getTable
FN:15,getTableHeader
FN:19,getTableBody
FN:23,getNthColumn
FN:28,loadColumns
FN:53,loadRowData
FN:72,loadData
FN:81,sortByIndex
FN:83,(anonymous_9)
FN:95,(anonymous_10)
FN:112,removeSortIndicators
FN:120,addSortIndicators
FN:126,enableUI
FN:129,ithSorter
FN:132,(anonymous_15)
FN:159,(anonymous_16)
FNF:17
FNH:0
FNDA:0,(anonymous_0)
FNDA:0,getTable
FNDA:0,getTableHeader
FNDA:0,getTableBody
FNDA:0,getNthColumn
FNDA:0,loadColumns
FNDA:0,loadRowData
FNDA:0,loadData
FNDA:0,sortByIndex
FNDA:0,(anonymous_9)
FNDA:0,(anonymous_10)
FNDA:0,removeSortIndicators
FNDA:0,addSortIndicators
FNDA:0,enableUI
FNDA:0,ithSorter
FNDA:0,(anonymous_15)
FNDA:0,(anonymous_16)
DA:2,0
DA:5,0
DA:12,0
DA:16,0
DA:20,0
DA:24,0
DA:29,0
DA:31,0
DA:35,0
DA:36,0
DA:37,0
DA:42,0
DA:43,0
DA:44,0
DA:45,0
DA:49,0
DA:54,0
DA:57,0
DA:60,0
DA:61,0
DA:62,0
DA:63,0
DA:64,0
DA:65,0
DA:67,0
DA:69,0
DA:73,0
DA:76,0
DA:77,0
DA:82,0
DA:83,0
DA:84,0
DA:85,0
DA:86,0
DA:88,0
DA:89,0
DA:90,0
DA:91,0
DA:94,0
DA:95,0
DA:96,0
DA:100,0
DA:101,0
DA:102,0
DA:105,0
DA:107,0
DA:108,0
DA:113,0
DA:114,0
DA:116,0
DA:117,0
DA:121,0
DA:129,0
DA:130,0
DA:132,0
DA:133,0
DA:135,0
DA:136,0
DA:138,0
DA:139,0
DA:140,0
DA:141,0
DA:142,0
DA:145,0
DA:146,0
DA:149,0
DA:150,0
DA:151,0
DA:153,0
DA:159,0
DA:160,0
DA:161,0
DA:163,0
DA:164,0
DA:165,0
DA:166,0
DA:170,0
LF:77
LH:0
BRDA:40,0,0,0
BRDA:40,0,1,0
BRDA:43,1,0,0
BRDA:43,1,1,0
BRDA:64,2,0,0
BRDA:64,2,1,0
BRDA:86,3,0,0
BRDA:86,3,1,0
BRDA:86,4,0,0
BRDA:86,4,1,0
BRDA:94,5,0,0
BRDA:94,5,1,0
BRDA:121,6,0,0
BRDA:121,6,1,0
BRDA:135,7,0,0
BRDA:135,7,1,0
BRDA:146,8,0,0
BRDA:146,8,1,0
BRDA:150,9,0,0
BRDA:150,9,1,0
BRDA:160,10,0,0
BRDA:160,10,1,0
BRF:22
BRH:0
end_of_record
TN:
SF:/Users/beckwith/Code/cloud-profiler-nodejs/samples/app.js
FNF:0
FNH:0
DA:19,0
LF:1
LH:0
BRF:0
BRH:0
end_of_record
TN:
SF:/Users/beckwith/Code/cloud-profiler-nodejs/samples/snippets.js
FNF:0
FNH:0
DA:19,0
LF:1
LH:0
BRF:0
BRH:0
end_of_record
TN:
SF:/Users/beckwith/Code/cloud-profiler-nodejs/ts/src/config.ts
FNF:0
FNH:0
DA:19,1
DA:175,1
LF:2
LH:2
BRF:0
BRH:0
end_of_record
TN:
SF:/Users/beckwith/Code/cloud-profiler-nodejs/ts/src/index.ts
FN:36,getMetadataInstanceField
FN:40,hasService
FN:54,initConfigLocal
FN:119,initConfigMetadata
FN:126,(anonymous_12)
FN:145,nodeVersionOkay
FN:157,createProfiler
FN:196,start
FN:207,logError
FN:217,startLocal
FN:233,(anonymous_21)
FN:261,(anonymous_22)
FN:261,(anonymous_23)
FNF:13
FNH:7
FNDA:10,getMetadataInstanceField
FNDA:16,hasService
FNDA:17,initConfigLocal
FNDA:14,initConfigMetadata
FNDA:2,(anonymous_12)
FNDA:29,nodeVersionOkay
FNDA:17,createProfiler
FNDA:0,start
FNDA:0,logError
FNDA:0,startLocal
FNDA:0,(anonymous_21)
FNDA:0,(anonymous_22)
FNDA:0,(anonymous_23)
DA:17,1
DA:18,1
DA:19,1
DA:20,1
DA:21,1
DA:22,1
DA:25,1
DA:26,1
DA:27,1
DA:29,1
DA:30,1
DA:37,10
DA:43,16
DA:55,17
DA:63,17
DA:64,2
DA:65,2
DA:66,2
DA:70,17
DA:71,17
DA:72,17
DA:74,3
DA:75,3
DA:77,0
DA:79,3
DA:80,3
DA:82,0
DA:86,17
DA:87,17
DA:92,1
DA:98,16
DA:100,16
DA:101,1
DA:104,15
DA:105,1
DA:112,14
DA:122,14
DA:123,5
DA:129,5
DA:130,1
DA:132,5
DA:133,1
DA:136,14
DA:145,1
DA:148,29
DA:149,29
DA:157,1
DA:158,17
DA:159,0
DA:167,17
DA:172,14
DA:173,6
DA:178,14
DA:179,14
DA:196,1
DA:198,0
DA:199,0
DA:201,0
DA:202,0
DA:204,0
DA:209,0
DA:210,0
DA:217,1
DA:219,0
DA:220,0
DA:222,0
DA:223,0
DA:227,0
DA:229,0
DA:230,0
DA:231,0
DA:233,0
DA:234,0
DA:235,0
DA:236,0
DA:255,0
DA:256,0
DA:257,0
DA:261,0
DA:262,0
DA:263,0
DA:267,0
DA:269,0
DA:270,0
DA:271,0
DA:276,0
DA:282,1
DA:283,0
LF:88
LH:54
BRDA:44,0,0,16
BRDA:44,0,1,16
BRDA:58,1,0,17
BRDA:58,1,1,14
BRDA:59,2,0,17
BRDA:59,2,1,14
BRDA:63,3,0,2
BRDA:63,3,1,15
BRDA:65,4,0,2
BRDA:65,4,1,0
BRDA:72,5,0,3
BRDA:72,5,1,14
BRDA:87,6,0,1
BRDA:87,6,1,16
BRDA:88,7,0,17
BRDA:88,7,1,16
BRDA:88,7,2,1
BRDA:100,8,0,1
BRDA:100,8,1,15
BRDA:104,9,0,1
BRDA:104,9,1,14
BRDA:122,10,0,5
BRDA:122,10,1,9
BRDA:122,11,0,14
BRDA:122,11,1,9
BRDA:123,12,0,5
BRDA:123,12,1,2
BRDA:129,13,0,1
BRDA:129,13,1,4
BRDA:129,14,0,5
BRDA:129,14,1,5
BRDA:132,15,0,1
BRDA:132,15,1,4
BRDA:132,16,0,5
BRDA:132,16,1,5
BRDA:148,17,0,29
BRDA:148,17,1,0
BRDA:158,18,0,0
BRDA:158,18,1,17
BRDA:172,19,0,6
BRDA:172,19,1,8
BRDA:196,20,0,0
BRDA:217,21,0,0
BRDA:262,22,0,0
BRDA:262,22,1,0
BRDA:270,23,0,0
BRDA:270,23,1,0
BRDA:282,24,0,0
BRDA:282,24,1,1
BRDA:282,25,0,1
BRDA:282,25,1,1
BRF:51
BRH:41
end_of_record
TN:
SF:/Users/beckwith/Code/cloud-profiler-nodejs/ts/src/logger.ts
FN:31,logLevelToName
FN:42,createLogger
FNF:2
FNH:2
FNDA:46,logLevelToName
FNDA:46,createLogger
DA:17,1
DA:18,1
DA:20,1
DA:22,1
DA:32,46
DA:33,0
DA:34,46
DA:35,0
DA:36,46
DA:37,0
DA:39,46
DA:42,1
DA:43,46
LF:13
LH:10
BRDA:32,0,0,0
BRDA:32,0,1,46
BRDA:34,1,0,0
BRDA:34,1,1,46
BRDA:36,2,0,0
BRDA:36,2,1,46
BRF:6
BRH:3
end_of_record
TN:
SF:/Users/beckwith/Code/cloud-profiler-nodejs/ts/src/profiler.ts
FN:38,(anonymous_6)
FN:46,isErrorResponseStatusCode
FN:84,getResponseErrorMessage
FN:103,getServerResponseBackoff
FN:129,parseBackoffDuration
FN:150,isDeployment
FN:166,isRequestProfile
FN:188,profileBytes
FN:198,(anonymous_15)
FN:206,isBackoffResponseError
FN:220,(anonymous_17)
FN:229,(anonymous_18)
FN:237,(anonymous_19)
FN:248,responseToProfileOrError
FN:291,(anonymous_21)
FN:350,(anonymous_22)
FN:370,(anonymous_24)
FN:382,(anonymous_26)
FN:424,(anonymous_28)
FN:442,(anonymous_30)
FN:445,(anonymous_31)
FN:467,(anonymous_32)
FN:507,(anonymous_34)
FN:524,(anonymous_36)
FN:555,(anonymous_38)
FNF:25
FNH:23
FNDA:1,(anonymous_6)
FNDA:22,isErrorResponseStatusCode
FNDA:9,getResponseErrorMessage
FNDA:4,getServerResponseBackoff
FNDA:8,parseBackoffDuration
FNDA:3,isDeployment
FNDA:11,isRequestProfile
FNDA:13,profileBytes
FNDA:3,(anonymous_15)
FNDA:8,isBackoffResponseError
FNDA:47,(anonymous_17)
FNDA:16,(anonymous_18)
FNDA:3,(anonymous_19)
FNDA:22,responseToProfileOrError
FNDA:46,(anonymous_21)
FNDA:0,(anonymous_22)
FNDA:0,(anonymous_24)
FNDA:11,(anonymous_26)
FNDA:22,(anonymous_28)
FNDA:22,(anonymous_30)
FNDA:22,(anonymous_31)
FNDA:10,(anonymous_32)
FNDA:13,(anonymous_34)
FNDA:9,(anonymous_36)
FNDA:6,(anonymous_38)
DA:17,1
DA:19,1
DA:20,1
DA:25,1
DA:26,1
DA:28,1
DA:31,1
DA:33,1
DA:34,1
DA:35,1
DA:36,1
DA:38,1
DA:39,1
DA:40,1
DA:47,22
DA:88,9
DA:89,0
DA:92,9
DA:93,9
DA:94,1
DA:96,8
DA:105,4
DA:106,4
DA:107,3
DA:108,3
DA:113,3
DA:114,3
DA:115,3
DA:120,1
DA:129,1
DA:132,8
DA:133,8
DA:137,8
DA:138,5
DA:139,5
DA:140,5
DA:143,3
DA:151,3
DA:167,11
DA:189,13
DA:190,13
DA:191,13
DA:198,3
DA:199,3
DA:207,8
DA:214,1
DA:221,47
DA:222,47
DA:223,47
DA:226,47
DA:227,47
DA:230,16
DA:231,16
DA:235,16
DA:238,3
DA:254,22
DA:255,9
DA:256,9
DA:257,4
DA:258,4
DA:259,3
DA:262,6
DA:264,13
DA:265,2
DA:267,11
DA:268,9
DA:270,2
DA:280,1
DA:292,46
DA:293,46
DA:298,46
DA:302,46
DA:304,46
DA:306,46
DA:309,46
DA:310,40
DA:312,46
DA:313,39
DA:315,46
DA:321,46
DA:322,46
DA:323,40
DA:326,46
DA:327,46
DA:328,38
DA:330,46
DA:331,36
DA:333,46
DA:351,0
DA:352,0
DA:353,0
DA:357,0
DA:360,0
DA:363,0
DA:371,0
DA:372,0
DA:384,11
DA:385,11
DA:387,8
DA:388,2
DA:391,2
DA:393,6
DA:394,6
DA:399,6
DA:401,3
DA:402,3
DA:403,3
DA:425,22
DA:429,22
DA:441,22
DA:442,22
DA:443,22
DA:446,22
DA:447,22
DA:448,9
DA:451,9
DA:453,13
DA:468,10
DA:469,10
DA:470,9
DA:471,9
DA:473,1
DA:474,1
DA:476,9
DA:483,9
DA:484,9
DA:485,2
DA:486,0
DA:487,0
DA:488,0
DA:490,0
DA:491,0
DA:493,2
DA:495,7
DA:508,13
DA:510,7
DA:512,4
DA:514,2
DA:525,9
DA:526,1
DA:528,8
DA:529,0
DA:531,8
DA:532,8
DA:533,0
DA:538,8
DA:544,8
DA:545,8
DA:546,8
DA:556,6
DA:557,1
DA:559,5
DA:563,5
DA:564,5
LF:154
LH:138
BRDA:38,0,0,1
BRDA:38,0,1,1
BRDA:47,1,0,22
BRDA:47,1,1,22
BRDA:88,2,0,0
BRDA:88,2,1,9
BRDA:88,3,0,9
BRDA:88,3,1,0
BRDA:93,4,0,1
BRDA:93,4,1,8
BRDA:93,5,0,9
BRDA:93,5,1,1
BRDA:93,5,2,1
BRDA:106,6,0,3
BRDA:106,6,1,1
BRDA:106,7,0,4
BRDA:106,7,1,3
BRDA:106,7,2,3
BRDA:108,8,0,3
BRDA:108,8,1,0
BRDA:109,9,0,3
BRDA:109,9,1,3
BRDA:109,9,2,3
BRDA:114,10,0,3
BRDA:114,10,1,0
BRDA:133,11,0,8
BRDA:133,11,1,3
BRDA:137,12,0,5
BRDA:137,12,1,3
BRDA:139,13,0,5
BRDA:139,13,1,0
BRDA:152,14,0,3
BRDA:152,14,1,3
BRDA:152,14,2,3
BRDA:152,14,3,3
BRDA:152,14,4,3
BRDA:152,14,5,3
BRDA:152,14,6,3
BRDA:168,15,0,11
BRDA:168,15,1,10
BRDA:168,15,2,10
BRDA:168,15,3,9
BRDA:168,15,4,8
BRDA:168,15,5,9
BRDA:168,15,6,7
BRDA:168,15,7,2
BRDA:168,15,8,9
BRDA:168,15,9,3
BRDA:224,16,0,46
BRDA:254,17,0,9
BRDA:254,17,1,13
BRDA:254,18,0,22
BRDA:254,18,1,20
BRDA:256,19,0,4
BRDA:256,19,1,5
BRDA:258,20,0,3
BRDA:258,20,1,1
BRDA:264,21,0,2
BRDA:264,21,1,11
BRDA:267,22,0,9
BRDA:267,22,1,2
BRDA:292,23,0,46
BRDA:292,23,1,0
BRDA:309,24,0,40
BRDA:309,24,1,6
BRDA:312,25,0,39
BRDA:312,25,1,7
BRDA:322,26,0,40
BRDA:322,26,1,6
BRDA:327,27,0,38
BRDA:327,27,1,8
BRDA:330,28,0,36
BRDA:330,28,1,10
BRDA:351,29,0,0
BRDA:351,29,1,0
BRDA:387,30,0,2
BRDA:387,30,1,6
BRDA:485,31,0,0
BRDA:485,31,1,2
BRDA:487,32,0,0
BRDA:487,32,1,0
BRDA:509,33,0,7
BRDA:509,33,1,4
BRDA:509,33,2,2
BRDA:525,34,0,1
BRDA:525,34,1,8
BRDA:528,35,0,0
BRDA:528,35,1,8
BRDA:532,36,0,0
BRDA:532,36,1,8
BRDA:556,37,0,1
BRDA:556,37,1,5
BRF:92
BRH:79
end_of_record
TN:
SF:/Users/beckwith/Code/cloud-profiler-nodejs/ts/src/profilers/heap-profiler.ts
FN:32,profile
FN:65,start
FN:77,stop
FNF:3
FNH:3
FNDA:5,profile
FNDA:8,start
FNDA:12,stop
DA:20,1
DA:22,1
DA:24,1
DA:25,1
DA:26,1
DA:32,1
DA:34,5
DA:35,2
DA:37,3
DA:38,3
DA:43,3
DA:44,3
DA:45,1
DA:51,1
DA:53,3
DA:65,1
DA:66,8
DA:67,1
DA:70,7
DA:71,7
DA:72,7
DA:73,7
DA:77,1
DA:78,12
DA:79,7
DA:80,7
LF:26
LH:26
BRDA:34,0,0,2
BRDA:34,0,1,3
BRDA:44,1,0,1
BRDA:44,1,1,2
BRDA:66,2,0,1
BRDA:66,2,1,7
BRDA:78,3,0,7
BRDA:78,3,1,5
BRF:8
BRH:8
end_of_record
TN:
SF:/Users/beckwith/Code/cloud-profiler-nodejs/ts/src/profilers/profile-serializer.ts
FN:48,(anonymous_0)
FN:58,(anonymous_1)
FN:81,serialize
FN:94,(anonymous_3)
FN:115,getLocation
FN:131,getLine
FN:138,getFunction
FN:163,createSampleCountValueType
FN:175,createTimeValueType
FN:186,createObjectCountValueType
FN:198,createAllocationValueType
FN:211,serializeTimeProfile
FN:214,(anonymous_12)
FN:252,serializeHeapProfile
FN:256,(anonymous_14)
FNF:15
FNH:15
FNDA:10,(anonymous_0)
FNDA:142,(anonymous_1)
FNDA:10,serialize
FNDA:18,(anonymous_3)
FNDA:59,getLocation
FNDA:54,getLine
FNDA:54,getFunction
FNDA:5,createSampleCountValueType
FNDA:5,createTimeValueType
FNDA:5,createObjectCountValueType
FNDA:5,createAllocationValueType
FNDA:5,serializeTimeProfile
FNDA:42,(anonymous_12)
FNDA:5,serializeHeapProfile
FNDA:17,(anonymous_14)
DA:17,1
DA:49,10
DA:50,10
DA:51,10
DA:59,142
DA:60,142
DA:61,35
DA:63,107
DA:64,107
DA:65,107
DA:85,10
DA:86,10
DA:87,10
DA:88,10
DA:89,10
DA:90,10
DA:91,10
DA:94,18
DA:95,10
DA:96,61
DA:97,61
DA:98,61
DA:99,2
DA:101,59
DA:102,59
DA:103,59
DA:104,59
DA:105,59
DA:106,43
DA:110,10
DA:111,10
DA:112,10
DA:113,10
DA:117,59
DA:118,59
DA:119,59
DA:121,5
DA:123,54
DA:124,54
DA:126,54
DA:127,54
DA:128,54
DA:132,54
DA:139,54
DA:140,54
DA:141,54
DA:143,8
DA:145,46
DA:146,46
DA:147,46
DA:148,46
DA:154,46
DA:155,46
DA:165,5
DA:176,5
DA:188,5
DA:200,5
DA:211,1
DA:214,5
DA:215,42
DA:216,15
DA:221,15
DA:225,5
DA:226,5
DA:227,5
DA:229,5
DA:237,5
DA:239,5
DA:252,1
DA:256,5
DA:258,17
DA:259,12
DA:260,16
DA:265,16
DA:270,5
DA:271,5
DA:272,5
DA:274,5
DA:281,5
DA:283,5
LF:80
LH:80
BRDA:60,0,0,35
BRDA:60,0,1,107
BRDA:98,1,0,2
BRDA:98,1,1,59
BRDA:98,2,0,61
BRDA:98,2,1,4
BRDA:119,3,0,5
BRDA:119,3,1,54
BRDA:141,4,0,8
BRDA:141,4,1,46
BRDA:147,5,0,46
BRDA:147,5,1,6
BRDA:215,6,0,15
BRDA:215,6,1,27
BRDA:258,7,0,12
BRDA:258,7,1,5
BRF:16
BRH:16
end_of_record
TN:
SF:/Users/beckwith/Code/cloud-profiler-nodejs/ts/src/profilers/time-profiler.ts
FN:28,(anonymous_6)
FN:37,(anonymous_7)
FNF:2
FNH:2
FNDA:3,(anonymous_6)
FNDA:3,(anonymous_7)
DA:17,1
DA:20,1
DA:22,1
DA:24,1
DA:28,3
DA:29,3
DA:44,3
DA:45,3
DA:46,3
DA:47,3
DA:48,3
DA:50,3
DA:51,3
DA:52,3
LF:14
LH:14
BRF:0
BRH:0
end_of_record
